# JRE version: Java(TM) SE Runtime Environment (16.0.2+7) (build 16.0.2+7-67)
# Java VM: Java HotSpot(TM) 64-Bit Server VM (16.0.2+7-67, mixed mode, sharing, tiered, compressed oops, compressed class ptrs, g1 gc, windows-amd64)
GC Precious Log:
 CPUs: 8 total, 8 available
 Memory: 6030M
 Large Page Support: Disabled
 NUMA Support: Disabled
 Compressed Oops: Enabled (32-bit)
 Heap Region Size: 1M
 Heap Min Capacity: 8M
 Heap Initial Capacity: 96M
 Heap Max Capacity: 1508M
 Pre-touch: Disabled
 Parallel Workers: 8
 Concurrent Workers: 2
 Concurrent Refinement Workers: 8
 Periodic GC: Disabled
Heap:
 garbage-first heap   total 98304K, used 64720K [0x00000000a1c00000, 0x0000000100000000)
  region size 1024K, 20 young (20480K), 1 survivors (1024K)
 Metaspace       used 19119K, committed 19392K, reserved 1073152K
  class space    used 2077K, committed 2240K, reserved 1048576K
GC Heap History (8 events):
Event: 15.545 GC heap before
{Heap before GC invocations=0 (full 0):
 garbage-first heap   total 98304K, used 25600K [0x00000000a1c00000, 0x0000000100000000)
  region size 1024K, 23 young (23552K), 0 survivors (0K)
 Metaspace       used 13930K, committed 14208K, reserved 1064960K
  class space    used 1521K, committed 1664K, reserved 1048576K
}
Event: 15.559 GC heap after
{Heap after GC invocations=1 (full 0):
 garbage-first heap   total 98304K, used 7713K [0x00000000a1c00000, 0x0000000100000000)
  region size 1024K, 3 young (3072K), 3 survivors (3072K)
 Metaspace       used 13930K, committed 14208K, reserved 1064960K
  class space    used 1521K, committed 1664K, reserved 1048576K
}
Event: 16.374 GC heap before
{Heap before GC invocations=1 (full 0):
 garbage-first heap   total 98304K, used 59937K [0x00000000a1c00000, 0x0000000100000000)
  region size 1024K, 23 young (23552K), 3 survivors (3072K)
 Metaspace       used 17749K, committed 17920K, reserved 1064960K
  class space    used 1973K, committed 2048K, reserved 1048576K
}
Event: 16.381 GC heap after
{Heap after GC invocations=2 (full 0):
 garbage-first heap   total 98304K, used 41366K [0x00000000a1c00000, 0x0000000100000000)
  region size 1024K, 1 young (1024K), 1 survivors (1024K)
 Metaspace       used 17749K, committed 17920K, reserved 1064960K
  class space    used 1973K, committed 2048K, reserved 1048576K
}
Event: 16.514 GC heap before
{Heap before GC invocations=2 (full 0):
 garbage-first heap   total 98304K, used 65942K [0x00000000a1c00000, 0x0000000100000000)
  region size 1024K, 26 young (26624K), 1 survivors (1024K)
 Metaspace       used 17750K, committed 17920K, reserved 1064960K
  class space    used 1973K, committed 2048K, reserved 1048576K
}
Event: 16.516 GC heap after
{Heap after GC invocations=3 (full 0):
 garbage-first heap   total 98304K, used 41221K [0x00000000a1c00000, 0x0000000100000000)
  region size 1024K, 1 young (1024K), 1 survivors (1024K)
 Metaspace       used 17750K, committed 17920K, reserved 1064960K
  class space    used 1973K, committed 2048K, reserved 1048576K
}
Event: 16.555 GC heap before
{Heap before GC invocations=3 (full 0):
 garbage-first heap   total 98304K, used 45317K [0x00000000a1c00000, 0x0000000100000000)
  region size 1024K, 6 young (6144K), 1 survivors (1024K)
 Metaspace       used 17751K, committed 17920K, reserved 1064960K
  class space    used 1973K, committed 2048K, reserved 1048576K
}
Event: 16.557 GC heap after
{Heap after GC invocations=4 (full 0):
 garbage-first heap   total 98304K, used 41168K [0x00000000a1c00000, 0x0000000100000000)
  region size 1024K, 1 young (1024K), 1 survivors (1024K)
 Metaspace       used 17751K, committed 17920K, reserved 1064960K
  class space    used 1973K, committed 2048K, reserved 1048576K
}

